Solid Edge Translation To 3MF
Date: Tuesday,May 24,2022 05:36PM
Output File: C:\Users\logan\Documents\Personal-Projects\Peristaltic-Pump\CAD\Pump_Arm.3mf
Author: Unknown
Organization: Unknown
Source System: SOLID EDGE

Hardware:
Processor: AMD Ryzen 7 4800H with Radeon Graphics         
Operating System: Windows 10
Installed Memory: 15.37 GB

Software Information:
Parasolid Version: 32.0.186
PSBodyshop Version: 32.0.127
3MF Adapter Version:5.0.48
Solid Edge Version: 220.00.08.004 x64

3MF Export Options
Export Construction Solids:Off
Export Displayed Parts:Off
Enable Logging:On
AllowInvalid3mfObjects:Off
Export Units:Millimeters
Export Tolerance Value:1.250000
Export Tolerance Type:Custom
Export Surface Plane Angle Value:0.017453
Export Author:Unknown
Export Description:Unknown
Export Organization:Unknown
Export Program Name:Unknown

Translation progress:
Phase 1 of 1 Translating Parasolid to foreign data types...
Translation process completed
Time required to translate:00 : 00 : 01
